Arguments: 
  C:\Program Files\nodejs\node.exe C:\Program Files (x86)\Yarn\bin\yarn.js run coverage

PATH: 
  C:\Program Files (x86)\Intel\Intel(R) Management Engine Components\iCLS\;C:\Program Files\Intel\Intel(R) Management Engine Components\iCLS\;C:\WINDOWS\system32;C:\WINDOWS;C:\WINDOWS\System32\Wbem;C:\WINDOWS\System32\WindowsPowerShell\v1.0\;C:\Program Files (x86)\Intel\Intel(R) Management Engine Components\DAL;C:\Program Files\Intel\Intel(R) Management Engine Components\DAL;C:\Program Files (x86)\Intel\Intel(R) Management Engine Components\IPT;C:\Program Files\Intel\Intel(R) Management Engine Components\IPT;C:\WINDOWS\System32\OpenSSH\;C:\Program Files\Git\cmd;C:\Program Files\nodejs\;C:\Program Files (x86)\Yarn\bin\;C:\Users\christian\AppData\Local\Microsoft\WindowsApps;;C:\Users\christian\AppData\Local\Programs\Microsoft VS Code\bin;C:\Users\christian\AppData\Roaming\npm;C:\Users\christian\AppData\Local\Yarn\bin;C:\Program Files\heroku\bin

Yarn version: 
  1.17.3

Node version: 
  10.16.0

Platform: 
  win32 x64

Trace: 
  SyntaxError: C:\Users\christian\booked-up-fe\package.json: Unexpected token < in JSON at position 1280
      at JSON.parse (<anonymous>)
      at C:\Program Files (x86)\Yarn\lib\cli.js:1625:59
      at Generator.next (<anonymous>)
      at step (C:\Program Files (x86)\Yarn\lib\cli.js:304:30)
      at C:\Program Files (x86)\Yarn\lib\cli.js:315:13

npm manifest: 
  {
    "name": "booked-up-fe1",
    "version": "0.1.0",
    "private": true,
    "dependencies": {
      "babel-cli": "^6.26.0",
      "@testing-library/user-event": "^7.1.2",
      "react": "^16.13.1",
      "react-dom": "^16.13.1",
      "react-scripts": "3.4.1",
      "@material-ui/core": "^4.9.10",
      "@material-ui/icons": "^4.9.1",
      "dotenv": "^8.2.0",
      "react-redux": "^7.1.3",
      "react-router-dom": "^5.1.2"
    },
    "devDependencies": {
      "@babel/cli": "^7.7.7",
      "@babel/core": "^7.7.7",
      "@babel/preset-env": "^7.7.7",
      "@babel/preset-react": "^7.7.4",
      "@testing-library/jest-dom": "^4.2.4",
      "@testing-library/react": "^9.5.0",
      "babel-eslint": "^10.0.3",
      "eslint": "^6.8.0",
      "eslint-config-prettier": "^6.9.0",
      "eslint-plugin-import": "^2.19.1",
      "eslint-plugin-jsx-a11y": "^6.2.3",
      "eslint-plugin-react": "^7.17.0",
      "prettier": "^1.19.1"
    },
    "scripts": {
      "start": "react-scripts start",
      "build": "react-scripts build",
      "test": "jest",
      "eject": "react-scripts eject",
      "format": "prettier --write \"src/**/*.{js,jsx}\"",
      "lint": "eslint \"src/**/*.{js,jsx}\" --quiet",
      "coverage": "CI=true yarn test --coverage --watchAll=false || true"
    },
    "jest": {
      "collectCoverageFrom": [
        "**/*.{js,jsx}", <--- If you don't have .jsx files in your project this line should look like this. "**/*.js",
        "!**/node_modules/**",
        "!**/vendor/**",
        "!**/__tests__/**"
      ]
    },
    "browserslist": {
      "production": [
        ">0.2%",
        "not dead",
        "not op_mini all"
      ],
      "development": [
        "last 1 chrome version",
        "last 1 firefox version",
        "last 1 safari version"
      ]
    }
  }

yarn manifest: 
  No manifest

Lockfile: 
  No lockfile
